#
# There is insufficient memory for the Java Runtime Environment to continue.
# Native memory allocation (malloc) failed to allocate 1048576 bytes for AllocateHeap
# Possible reasons:
#   The system is out of physical RAM or swap space
#   The process is running with CompressedOops enabled, and the Java Heap may be blocking the growth of the native heap
# Possible solutions:
#   Reduce memory load on the system
#   Increase physical memory or swap space
#   Check if swap backing store is full
#   Decrease Java heap size (-Xmx/-Xms)
#   Decrease number of Java threads
#   Decrease Java thread stack sizes (-Xss)
#   Set larger code cache with -XX:ReservedCodeCacheSize=
#   JVM is running with Zero Based Compressed Oops mode in which the Java heap is
#     placed in the first 32GB address space. The Java Heap base address is the
#     maximum limit for the native heap growth. Please use -XX:HeapBaseMinAddress
#     to set the Java Heap base and to place the Java Heap above 32GB virtual address.
# This output file may be truncated or incomplete.
#
#  Out of Memory Error (memory/allocation.inline.hpp:61), pid=108884, tid=0x0000000000003918
#
# JRE version:  (8.0_311-b11) (build )
# Java VM: Java HotSpot(TM) 64-Bit Server VM (25.311-b11 mixed mode windows-amd64 compressed oops)
# Failed to write core dump. Minidumps are not enabled by default on client versions of Windows
#

---------------  T H R E A D  ---------------

Current thread (0x0000027b2abfc000):  JavaThread "Unknown thread" [_thread_in_vm, id=14616, stack(0x000000ded9e00000,0x000000ded9f00000)]

Stack: [0x000000ded9e00000,0x000000ded9f00000]
Native frames: (J=compiled Java code, j=interpreted, Vv=VM code, C=native code)
V  [jvm.dll+0x32f239]
V  [jvm.dll+0x275882]
V  [jvm.dll+0x27652d]
V  [jvm.dll+0x26cf65]
V  [jvm.dll+0x509d]
V  [jvm.dll+0x3c9b0d]
V  [jvm.dll+0x3ca88a]
V  [jvm.dll+0x3c6827]
V  [jvm.dll+0xfce3f]
V  [jvm.dll+0x20a21b]
V  [jvm.dll+0x238c47]
V  [jvm.dll+0x1628e6]
C  [java.exe+0x2312]
C  [java.exe+0x15f54]
C  [KERNEL32.DLL+0x153e0]
C  [ntdll.dll+0x485b]


---------------  P R O C E S S  ---------------

Java Threads: ( => current thread )

Other Threads:

=>0x0000027b2abfc000 (exited) JavaThread "Unknown thread" [_thread_in_vm, id=14616, stack(0x000000ded9e00000,0x000000ded9f00000)]

VM state:not at safepoint (normal execution)

VM Mutex/Monitor currently owned by a thread: None

heap address: 0x00000006c3800000, size: 4040 MB, Compressed Oops mode: Zero based, Oop shift amount: 3
Narrow klass base: 0x0000000000000000, Narrow klass shift: 3
Compressed class space size: 1073741824 Address: 0x00000007c0000000

Heap:
 PSYoungGen      total 75776K, used 1300K [0x000000076bd80000, 0x0000000771200000, 0x00000007c0000000)
  eden space 65024K, 2% used [0x000000076bd80000,0x000000076bec51f8,0x000000076fd00000)
  from space 10752K, 0% used [0x0000000770780000,0x0000000770780000,0x0000000771200000)
  to   space 10752K, 0% used [0x000000076fd00000,0x000000076fd00000,0x0000000770780000)
 ParOldGen       total 173568K, used 0K [0x00000006c3800000, 0x00000006ce180000, 0x000000076bd80000)
  object space 173568K, 0% used [0x00000006c3800000,0x00000006c3800000,0x00000006ce180000)
 Metaspace       used 778K, capacity 4480K, committed 4480K, reserved 1056768K
  class space    used 76K, capacity 384K, committed 384K, reserved 1048576K

Card table byte_map: [0x0000027b3b9e0000,0x0000027b3c1d0000] byte_map_base: 0x0000027b383c4000

Marking Bits: (ParMarkBitMap*) 0x000000006c368030
 Begin Bits: [0x0000027b3c720000, 0x0000027b40640000)
 End Bits:   [0x0000027b40640000, 0x0000027b44560000)

Polling page: 0x0000027b2ae40000

CodeCache: size=245760Kb used=329Kb max_used=329Kb free=245430Kb
 bounds [0x0000027b2c620000, 0x0000027b2c890000, 0x0000027b3b620000]
 total_blobs=58 nmethods=0 adapters=38
 compilation: enabled

Compilation events (0 events):
No events

GC Heap History (0 events):
No events

Deoptimization events (0 events):
No events

Classes redefined (0 events):
No events

Internal exceptions (0 events):
No events

Events (10 events):
Event: 0.022 loading class java/lang/Short
Event: 0.022 loading class java/lang/Short done
Event: 0.022 loading class java/lang/Integer
Event: 0.022 loading class java/lang/Integer done
Event: 0.022 loading class java/lang/Long
Event: 0.022 loading class java/lang/Long done
Event: 0.023 loading class java/lang/NullPointerException
Event: 0.023 loading class java/lang/NullPointerException done
Event: 0.023 loading class java/lang/ArithmeticException
Event: 0.023 loading class java/lang/ArithmeticException done


Dynamic libraries:
0x00007ff70b2b0000 - 0x00007ff70b2f7000 	C:\Program Files\Java\jdk1.8.0_311\bin\java.exe
0x00007ff8462c0000 - 0x00007ff8464c9000 	C:\windows\SYSTEM32\ntdll.dll
0x00007ff845d00000 - 0x00007ff845dbd000 	C:\windows\System32\KERNEL32.DLL
0x00007ff843bf0000 - 0x00007ff843f74000 	C:\windows\System32\KERNELBASE.dll
0x00007ff844500000 - 0x00007ff8445ae000 	C:\windows\System32\ADVAPI32.dll
0x00007ff844b00000 - 0x00007ff844ba3000 	C:\windows\System32\msvcrt.dll
0x00007ff844870000 - 0x00007ff84490e000 	C:\windows\System32\sechost.dll
0x00007ff846150000 - 0x00007ff846271000 	C:\windows\System32\RPCRT4.dll
0x00007ff8445d0000 - 0x00007ff84477d000 	C:\windows\System32\USER32.dll
0x00007ff8437d0000 - 0x00007ff8437f6000 	C:\windows\System32\win32u.dll
0x00007ff845cd0000 - 0x00007ff845cfa000 	C:\windows\System32\GDI32.dll
0x00007ff843ad0000 - 0x00007ff843bee000 	C:\windows\System32\gdi32full.dll
0x00007ff843970000 - 0x00007ff843a0d000 	C:\windows\System32\msvcp_win.dll
0x00007ff843ff0000 - 0x00007ff844101000 	C:\windows\System32\ucrtbase.dll
0x00007ff82ab40000 - 0x00007ff82ade5000 	C:\windows\WinSxS\amd64_microsoft.windows.common-controls_6595b64144ccf1df_6.0.22000.120_none_9d947278b86cc467\COMCTL32.dll
0x00007ff845eb0000 - 0x00007ff845ee1000 	C:\windows\System32\IMM32.DLL
0x00007ff835eb0000 - 0x00007ff835ec5000 	C:\Program Files\Java\jdk1.8.0_311\jre\bin\vcruntime140.dll
0x00007fffeebe0000 - 0x00007fffeec7b000 	C:\Program Files\Java\jdk1.8.0_311\jre\bin\msvcp140.dll
0x000000006bb80000 - 0x000000006c3e0000 	C:\Program Files\Java\jdk1.8.0_311\jre\bin\server\jvm.dll
0x00007ff8444f0000 - 0x00007ff8444f8000 	C:\windows\System32\PSAPI.DLL
0x00007ff833030000 - 0x00007ff833063000 	C:\windows\SYSTEM32\WINMM.dll
0x00007ff83eba0000 - 0x00007ff83ebaa000 	C:\windows\SYSTEM32\VERSION.dll
0x00007ff832fc0000 - 0x00007ff832fc9000 	C:\windows\SYSTEM32\WSOCK32.dll
0x00007ff844e60000 - 0x00007ff844ecf000 	C:\windows\System32\WS2_32.dll
0x00007ff8427c0000 - 0x00007ff8427d8000 	C:\windows\SYSTEM32\kernel.appcore.dll
0x00007ff83ed80000 - 0x00007ff83ed90000 	C:\Program Files\Java\jdk1.8.0_311\jre\bin\verify.dll
0x00007ff835be0000 - 0x00007ff835c0b000 	C:\Program Files\Java\jdk1.8.0_311\jre\bin\java.dll
0x00007ff82a230000 - 0x00007ff82a260000 	C:\Program Files\Java\jdk1.8.0_311\jre\bin\instrument.dll
0x00007ff8264b0000 - 0x00007ff8264c8000 	C:\Program Files\Java\jdk1.8.0_311\jre\bin\zip.dll
0x00007ff840f80000 - 0x00007ff8411a1000 	C:\windows\SYSTEM32\dbghelp.dll
0x00007ff843750000 - 0x00007ff8437cf000 	C:\windows\System32\bcryptPrimitives.dll

VM Arguments:
jvm_args: -Dmaven.multiModuleProjectDirectory=F:\hsp\hspedu_hspliving\hsp\ysyliving\ysyliving-common -Dmaven.home=D:\jar-jar-jar\apache-maven-3.6.1 -Dclassworlds.conf=D:\jar-jar-jar\apache-maven-3.6.1\bin\m2.conf -Dmaven.ext.class.path=D:\IntelliJ IDEA 2022.1.3\plugins\maven\lib\maven-event-listener.jar -javaagent:D:\IntelliJ IDEA 2022.1.3\lib\idea_rt.jar=56736:D:\IntelliJ IDEA 2022.1.3\bin -Dfile.encoding=UTF-8 
java_command: org.codehaus.classworlds.Launcher -Didea.version=2022.1.3 -s D:\jar-jar-jar\apache-maven-3.6.1\conf\settings.xml -Dmaven.repo.local=D:\jar-jar-jar\mavenRepo\repository compile
java_class_path (initial): D:\jar-jar-jar\apache-maven-3.6.1\boot\plexus-classworlds-2.6.0.jar;D:\IntelliJ IDEA 2022.1.3\lib\idea_rt.jar
Launcher Type: SUN_STANDARD

Environment Variables:
JAVA_HOME=C:\Program Files\Java\jdk1.8.0_311
PATH=C:\Program Files (x86)\Common Files\Oracle\Java\javapath;D:\VMware\bin\;C:\windows\system32;C:\windows;C:\windows\System32\Wbem;C:\windows\System32\WindowsPowerShell\v1.0\;C:\windows\System32\OpenSSH\;D:\Anaconda3;D:\Anaconda3\Scripts;D:\Anaconda3\Library\mingw-w64\bin;D:\Anaconda3\Library\bin;D:\Office Soft\Git\cmd;C:\Program Files\Java\jdk1.8.0_311\bin;C:\Program Files\Java\jdk1.8.0_311\lib\tools.jar;C:\Program Files\MySQL\MySQL Server 8.0bin;C:\Program Files\MySQL\MySQL Server 8.0\bin;D:\jar-jar-jar\apache-maven-3.6.1\bin;C:\Program Files (x86)\ZeroTier\One\;C:\Program Files\CMake\bin;C:\Program Files\Microsoft SQL Server\130\Tools\Binn\;D:\VMsystems\xftp7\;D:\VMsystems\xshell7\;D:\jar-jar-jar\nodejs10.16\;C:\Users\Suron\AppData\Local\Microsoft\WindowsApps;C:\Program Files\Bandizip\;C:\Users\Suron\AppData\Roaming\npm
USERNAME=Suron
OS=Windows_NT
PROCESSOR_IDENTIFIER=Intel64 Family 6 Model 165 Stepping 3, GenuineIntel



---------------  S Y S T E M  ---------------

OS: Windows 10.0 , 64 bit Build 22000 (10.0.22000.2538)

CPU:total 12 (initial active 12) (6 cores per cpu, 2 threads per core) family 6 model 165 stepping 3, cmov, cx8, fxsr, mmx, sse, sse2, sse3, ssse3, sse4.1, sse4.2, popcnt, avx, avx2, aes, clmul, erms, 3dnowpref, lzcnt, ht, tsc, tscinvbit, bmi1, bmi2, adx

Memory: 4k page, physical 16547040k(606324k free), swap 47671516k(4664k free)

vm_info: Java HotSpot(TM) 64-Bit Server VM (25.311-b11) for windows-amd64 JRE (1.8.0_311-b11), built on Sep 27 2021 05:15:14 by "java_re" with MS VC++ 15.9 (VS2017)

time: Wed May 29 11:32:02 2024
timezone: 中国标准时间
elapsed time: 0.061195 seconds (0d 0h 0m 0s)

